<?xml version="1.0" encoding="UTF-8"?>
<!-- Generated by org.testng.reporters.JUnitXMLReporter -->
<testsuite ignored="0" hostname="LAPTOP-GVB4LQ78" failures="0" tests="5" name="Default test" time="50.549" errors="0" timestamp="2024-10-20T20:51:24 BST">
  <testcase classname="testcases.LoginTest" name="TC01_LoginFailureTest" time="7.206"/>
  <testcase classname="testcases.LoginTest" name="TC02_LoginSuccessTest" time="7.924"/>
  <testcase classname="testcases.LoginTest" name="TC04_LoginSuccessTest" time="6.988"/>
  <testcase classname="testcases.LoginTest" name="TC04_LoginSuccessTest" time="6.91"/>
  <testcase classname="testcases.LoginTest" name="TC04_LoginSuccessTest" time="7.025"/>
</testsuite> <!-- Default test -->
