<?xml version="1.0" encoding="UTF-8"?>
<!-- Generated by org.testng.reporters.JUnitXMLReporter -->
<testsuite ignored="2" hostname="LAPTOP-GVB4LQ78" failures="1" tests="7" name="Test" time="59.125" errors="0" timestamp="2024-10-20T20:27:35 BST">
  <testcase classname="testcases.HomePageTest" name="TC03_someName" time="0.036"/>
  <testcase classname="testcases.LoginTest" name="TC01_LoginFailureTest" time="7.803"/>
  <testcase classname="testcases.LoginTest" name="TC02_LoginSuccessTest" time="7.717"/>
  <testcase classname="testcases.LoginTest" name="TC04_LoginSuccessTest" time="7.103"/>
  <testcase classname="testcases.LoginTest" name="TC04_LoginSuccessTest" time="7.696"/>
  <testcase classname="testcases.LoginTest" name="TC04_LoginSuccessTest" time="7.881"/>
  <testcase classname="testcases.LoginTest" name="TC05_LoginFailureTest" time="0.007">
    <failure type="java.lang.NullPointerException" message="Cannot invoke &amp;quot;org.apache.poi.xssf.usermodel.XSSFSheet.getRow(int)&amp;quot; because &amp;quot;this.sheet&amp;quot; is null">
      <![CDATA[java.lang.NullPointerException: Cannot invoke "org.apache.poi.xssf.usermodel.XSSFSheet.getRow(int)" because "this.sheet" is null
at testcases.LoginTest.TC05_LoginFailureTest(LoginTest.java:63)
at java.base/java.util.ArrayList.forEach(ArrayList.java:1597)
... Removed 25 stack frames]]>
    </failure>
  </testcase> <!-- TC05_LoginFailureTest -->
  <testcase classname="testcases.BaseClass" name="@AfterTest CloseExcel" time="0.0">
    <ignored/>
  </testcase> <!-- @AfterTest CloseExcel -->
  <testcase classname="testcases.BaseClass" name="@BeforeTest SetUpExcel" time="0.0">
    <ignored/>
  </testcase> <!-- @BeforeTest SetUpExcel -->
</testsuite> <!-- Test -->
