<?xml version="1.0" encoding="UTF-8"?>
<!-- Generated by org.testng.reporters.JUnitXMLReporter -->
<testsuite ignored="2" hostname="LAPTOP-GVB4LQ78" failures="0" tests="6" name="Test" time="57.69" errors="0" timestamp="20 Oct 2024 20:17:13 GMT">
  <testcase classname="testcases.HomePageTest" name="TC03_someName" time="0.002"/>
  <testcase classname="testcases.LoginTest" name="TC01_LoginFailureTest" time="8.261"/>
  <testcase classname="testcases.LoginTest" name="TC02_LoginSuccessTest" time="6.924"/>
  <testcase classname="testcases.LoginTest" name="TC04_LoginSuccessTest" time="7.634"/>
  <testcase classname="testcases.LoginTest" name="TC04_LoginSuccessTest" time="8.432"/>
  <testcase classname="testcases.LoginTest" name="TC04_LoginSuccessTest" time="7.683"/>
  <testcase classname="testcases.BaseClass" name="@BeforeTest SetUpExcel" time="0.0">
    <ignored/>
  </testcase> <!-- @BeforeTest SetUpExcel -->
  <testcase classname="testcases.BaseClass" name="@AfterTest CloseExcel" time="0.0">
    <ignored/>
  </testcase> <!-- @AfterTest CloseExcel -->
</testsuite> <!-- Test -->
