<?xml version="1.0" encoding="UTF-8"?>
<testng-results ignored="2" total="8" passed="6" failed="0" skipped="0">
  <reporter-output>
  </reporter-output>
  <suite started-at="2024-10-20T20:16:16Z" name="Suite" finished-at="2024-10-20T20:17:13Z" duration-ms="57690">
    <groups>
    </groups>
    <test started-at="2024-10-20T20:16:16Z" name="Test" finished-at="2024-10-20T20:17:13Z" duration-ms="57690">
      <class name="testcases.HomePageTest">
        <test-method is-config="true" signature="SetUpExcel()[pri:0, instance:testcases.HomePageTest@7fb4f2a9]" started-at="2024-10-20T20:16:16Z" name="SetUpExcel" finished-at="2024-10-20T20:16:16Z" duration-ms="640" status="PASS">
          <reporter-output>
          </reporter-output>
        </test-method> <!-- SetUpExcel -->
        <test-method is-config="true" signature="setupdriver()[pri:0, instance:testcases.HomePageTest@7fb4f2a9]" started-at="2024-10-20T20:16:16Z" name="setupdriver" finished-at="2024-10-20T20:16:22Z" duration-ms="5814" status="PASS">
          <reporter-output>
          </reporter-output>
        </test-method> <!-- setupdriver -->
        <test-method signature="TC03_someName()[pri:0, instance:testcases.HomePageTest@7fb4f2a9]" started-at="2024-10-20T20:16:22Z" name="TC03_someName" finished-at="2024-10-20T20:16:22Z" duration-ms="2" status="PASS">
          <reporter-output>
          </reporter-output>
        </test-method> <!-- TC03_someName -->
        <test-method is-config="true" signature="TearDown()[pri:0, instance:testcases.HomePageTest@7fb4f2a9]" started-at="2024-10-20T20:16:22Z" name="TearDown" finished-at="2024-10-20T20:16:22Z" duration-ms="125" status="PASS">
          <reporter-output>
          </reporter-output>
        </test-method> <!-- TearDown -->
        <test-method is-config="true" signature="CloseExcel()[pri:0, instance:testcases.HomePageTest@7fb4f2a9]" started-at="2024-10-20T20:17:13Z" name="CloseExcel" finished-at="2024-10-20T20:17:13Z" duration-ms="0" status="PASS">
          <reporter-output>
          </reporter-output>
        </test-method> <!-- CloseExcel -->
      </class> <!-- testcases.HomePageTest -->
      <class name="testcases.LoginTest">
        <test-method is-config="true" signature="setupdriver()[pri:0, instance:testcases.LoginTest@4dc27487]" started-at="2024-10-20T20:16:22Z" name="setupdriver" finished-at="2024-10-20T20:16:24Z" duration-ms="2097" status="PASS">
          <reporter-output>
          </reporter-output>
        </test-method> <!-- setupdriver -->
        <test-method signature="TC01_LoginFailureTest()[pri:0, instance:testcases.LoginTest@4dc27487]" started-at="2024-10-20T20:16:24Z" name="TC01_LoginFailureTest" finished-at="2024-10-20T20:16:32Z" duration-ms="8261" status="PASS">
          <reporter-output>
          </reporter-output>
        </test-method> <!-- TC01_LoginFailureTest -->
        <test-method is-config="true" signature="TearDown()[pri:0, instance:testcases.LoginTest@4dc27487]" started-at="2024-10-20T20:16:32Z" name="TearDown" finished-at="2024-10-20T20:16:33Z" duration-ms="139" status="PASS">
          <reporter-output>
          </reporter-output>
        </test-method> <!-- TearDown -->
        <test-method is-config="true" signature="setupdriver()[pri:0, instance:testcases.LoginTest@4dc27487]" started-at="2024-10-20T20:16:33Z" name="setupdriver" finished-at="2024-10-20T20:16:35Z" duration-ms="2513" status="PASS">
          <reporter-output>
          </reporter-output>
        </test-method> <!-- setupdriver -->
        <test-method signature="TC02_LoginSuccessTest()[pri:0, instance:testcases.LoginTest@4dc27487]" started-at="2024-10-20T20:16:35Z" name="TC02_LoginSuccessTest" finished-at="2024-10-20T20:16:42Z" duration-ms="6924" status="PASS">
          <reporter-output>
          </reporter-output>
        </test-method> <!-- TC02_LoginSuccessTest -->
        <test-method is-config="true" signature="TearDown()[pri:0, instance:testcases.LoginTest@4dc27487]" started-at="2024-10-20T20:16:42Z" name="TearDown" finished-at="2024-10-20T20:16:42Z" duration-ms="182" status="PASS">
          <reporter-output>
          </reporter-output>
        </test-method> <!-- TearDown -->
        <test-method is-config="true" signature="setupdriver()[pri:0, instance:testcases.LoginTest@4dc27487]" started-at="2024-10-20T20:16:42Z" name="setupdriver" finished-at="2024-10-20T20:16:44Z" duration-ms="2047" status="PASS">
          <reporter-output>
          </reporter-output>
        </test-method> <!-- setupdriver -->
        <test-method signature="TC04_LoginSuccessTest(java.lang.String)[pri:0, instance:testcases.LoginTest@4dc27487]" started-at="2024-10-20T20:16:44Z" name="TC04_LoginSuccessTest" data-provider="dp" finished-at="2024-10-20T20:16:52Z" duration-ms="7634" status="PASS">
          <params>
            <param index="0">
              <value>
                <![CDATA[ccc@xyz.com]]>
              </value>
            </param>
          </params>
          <reporter-output>
          </reporter-output>
        </test-method> <!-- TC04_LoginSuccessTest -->
        <test-method is-config="true" signature="TearDown()[pri:0, instance:testcases.LoginTest@4dc27487]" started-at="2024-10-20T20:16:52Z" name="TearDown" finished-at="2024-10-20T20:16:52Z" duration-ms="99" status="PASS">
          <reporter-output>
          </reporter-output>
        </test-method> <!-- TearDown -->
        <test-method is-config="true" signature="setupdriver()[pri:0, instance:testcases.LoginTest@4dc27487]" started-at="2024-10-20T20:16:52Z" name="setupdriver" finished-at="2024-10-20T20:16:55Z" duration-ms="2549" status="PASS">
          <reporter-output>
          </reporter-output>
        </test-method> <!-- setupdriver -->
        <test-method signature="TC04_LoginSuccessTest(java.lang.String)[pri:0, instance:testcases.LoginTest@4dc27487]" started-at="2024-10-20T20:16:55Z" name="TC04_LoginSuccessTest" data-provider="dp" finished-at="2024-10-20T20:17:03Z" duration-ms="8432" status="PASS">
          <params>
            <param index="0">
              <value>
                <![CDATA[aaa@xyz.com]]>
              </value>
            </param>
          </params>
          <reporter-output>
          </reporter-output>
        </test-method> <!-- TC04_LoginSuccessTest -->
        <test-method is-config="true" signature="TearDown()[pri:0, instance:testcases.LoginTest@4dc27487]" started-at="2024-10-20T20:17:03Z" name="TearDown" finished-at="2024-10-20T20:17:03Z" duration-ms="152" status="PASS">
          <reporter-output>
          </reporter-output>
        </test-method> <!-- TearDown -->
        <test-method is-config="true" signature="setupdriver()[pri:0, instance:testcases.LoginTest@4dc27487]" started-at="2024-10-20T20:17:03Z" name="setupdriver" finished-at="2024-10-20T20:17:05Z" duration-ms="2231" status="PASS">
          <reporter-output>
          </reporter-output>
        </test-method> <!-- setupdriver -->
        <test-method signature="TC04_LoginSuccessTest(java.lang.String)[pri:0, instance:testcases.LoginTest@4dc27487]" started-at="2024-10-20T20:17:05Z" name="TC04_LoginSuccessTest" data-provider="dp" finished-at="2024-10-20T20:17:13Z" duration-ms="7683" status="PASS">
          <params>
            <param index="0">
              <value>
                <![CDATA[bbb@xyz.com]]>
              </value>
            </param>
          </params>
          <reporter-output>
          </reporter-output>
        </test-method> <!-- TC04_LoginSuccessTest -->
        <test-method is-config="true" signature="TearDown()[pri:0, instance:testcases.LoginTest@4dc27487]" started-at="2024-10-20T20:17:13Z" name="TearDown" finished-at="2024-10-20T20:17:13Z" duration-ms="146" status="PASS">
          <reporter-output>
          </reporter-output>
        </test-method> <!-- TearDown -->
      </class> <!-- testcases.LoginTest -->
    </test> <!-- Test -->
  </suite> <!-- Suite -->
</testng-results>
