<?xml version="1.0" encoding="UTF-8"?>
<testng-results ignored="0" total="5" passed="5" failed="0" skipped="0">
  <reporter-output>
  </reporter-output>
  <suite started-at="2024-10-20T20:50:33 BST" name="Default suite" finished-at="2024-10-20T20:51:24 BST" duration-ms="50549">
    <groups>
    </groups>
    <test started-at="2024-10-20T20:50:33 BST" name="Default test" finished-at="2024-10-20T20:51:24 BST" duration-ms="50549">
      <class name="testcases.LoginTest">
        <test-method is-config="true" signature="SetUpExcel()[pri:0, instance:testcases.LoginTest@6c1a5b54]" started-at="2024-10-20T20:50:33 BST" name="SetUpExcel" finished-at="2024-10-20T20:50:34 BST" duration-ms="610" status="PASS">
          <reporter-output>
          </reporter-output>
        </test-method> <!-- SetUpExcel -->
        <test-method is-config="true" signature="setupdriver()[pri:0, instance:testcases.LoginTest@6c1a5b54]" started-at="2024-10-20T20:50:34 BST" name="setupdriver" finished-at="2024-10-20T20:50:37 BST" duration-ms="3011" status="PASS">
          <reporter-output>
          </reporter-output>
        </test-method> <!-- setupdriver -->
        <test-method signature="TC01_LoginFailureTest()[pri:0, instance:testcases.LoginTest@6c1a5b54]" started-at="2024-10-20T20:50:37 BST" name="TC01_LoginFailureTest" finished-at="2024-10-20T20:50:44 BST" duration-ms="7206" status="PASS">
          <reporter-output>
          </reporter-output>
        </test-method> <!-- TC01_LoginFailureTest -->
        <test-method is-config="true" signature="TearDown()[pri:0, instance:testcases.LoginTest@6c1a5b54]" started-at="2024-10-20T20:50:44 BST" name="TearDown" finished-at="2024-10-20T20:50:44 BST" duration-ms="211" status="PASS">
          <reporter-output>
          </reporter-output>
        </test-method> <!-- TearDown -->
        <test-method is-config="true" signature="setupdriver()[pri:0, instance:testcases.LoginTest@6c1a5b54]" started-at="2024-10-20T20:50:44 BST" name="setupdriver" finished-at="2024-10-20T20:50:46 BST" duration-ms="2211" status="PASS">
          <reporter-output>
          </reporter-output>
        </test-method> <!-- setupdriver -->
        <test-method signature="TC02_LoginSuccessTest()[pri:0, instance:testcases.LoginTest@6c1a5b54]" started-at="2024-10-20T20:50:46 BST" name="TC02_LoginSuccessTest" finished-at="2024-10-20T20:50:54 BST" duration-ms="7924" status="PASS">
          <reporter-output>
          </reporter-output>
        </test-method> <!-- TC02_LoginSuccessTest -->
        <test-method is-config="true" signature="TearDown()[pri:0, instance:testcases.LoginTest@6c1a5b54]" started-at="2024-10-20T20:50:54 BST" name="TearDown" finished-at="2024-10-20T20:50:54 BST" duration-ms="181" status="PASS">
          <reporter-output>
          </reporter-output>
        </test-method> <!-- TearDown -->
        <test-method is-config="true" signature="setupdriver()[pri:0, instance:testcases.LoginTest@6c1a5b54]" started-at="2024-10-20T20:50:54 BST" name="setupdriver" finished-at="2024-10-20T20:50:57 BST" duration-ms="2370" status="PASS">
          <reporter-output>
          </reporter-output>
        </test-method> <!-- setupdriver -->
        <test-method signature="TC04_LoginSuccessTest(java.lang.String)[pri:0, instance:testcases.LoginTest@6c1a5b54]" started-at="2024-10-20T20:50:57 BST" name="TC04_LoginSuccessTest" data-provider="dp" finished-at="2024-10-20T20:51:04 BST" duration-ms="6988" status="PASS">
          <params>
            <param index="0">
              <value>
                <![CDATA[ccc@xyz.com]]>
              </value>
            </param>
          </params>
          <reporter-output>
          </reporter-output>
        </test-method> <!-- TC04_LoginSuccessTest -->
        <test-method is-config="true" signature="TearDown()[pri:0, instance:testcases.LoginTest@6c1a5b54]" started-at="2024-10-20T20:51:04 BST" name="TearDown" finished-at="2024-10-20T20:51:04 BST" duration-ms="183" status="PASS">
          <reporter-output>
          </reporter-output>
        </test-method> <!-- TearDown -->
        <test-method is-config="true" signature="setupdriver()[pri:0, instance:testcases.LoginTest@6c1a5b54]" started-at="2024-10-20T20:51:04 BST" name="setupdriver" finished-at="2024-10-20T20:51:07 BST" duration-ms="3012" status="PASS">
          <reporter-output>
          </reporter-output>
        </test-method> <!-- setupdriver -->
        <test-method signature="TC04_LoginSuccessTest(java.lang.String)[pri:0, instance:testcases.LoginTest@6c1a5b54]" started-at="2024-10-20T20:51:07 BST" name="TC04_LoginSuccessTest" data-provider="dp" finished-at="2024-10-20T20:51:14 BST" duration-ms="6910" status="PASS">
          <params>
            <param index="0">
              <value>
                <![CDATA[aaa@xyz.com]]>
              </value>
            </param>
          </params>
          <reporter-output>
          </reporter-output>
        </test-method> <!-- TC04_LoginSuccessTest -->
        <test-method is-config="true" signature="TearDown()[pri:0, instance:testcases.LoginTest@6c1a5b54]" started-at="2024-10-20T20:51:14 BST" name="TearDown" finished-at="2024-10-20T20:51:14 BST" duration-ms="189" status="PASS">
          <reporter-output>
          </reporter-output>
        </test-method> <!-- TearDown -->
        <test-method is-config="true" signature="setupdriver()[pri:0, instance:testcases.LoginTest@6c1a5b54]" started-at="2024-10-20T20:51:14 BST" name="setupdriver" finished-at="2024-10-20T20:51:16 BST" duration-ms="2256" status="PASS">
          <reporter-output>
          </reporter-output>
        </test-method> <!-- setupdriver -->
        <test-method signature="TC04_LoginSuccessTest(java.lang.String)[pri:0, instance:testcases.LoginTest@6c1a5b54]" started-at="2024-10-20T20:51:16 BST" name="TC04_LoginSuccessTest" data-provider="dp" finished-at="2024-10-20T20:51:23 BST" duration-ms="7025" status="PASS">
          <params>
            <param index="0">
              <value>
                <![CDATA[bbb@xyz.com]]>
              </value>
            </param>
          </params>
          <reporter-output>
          </reporter-output>
        </test-method> <!-- TC04_LoginSuccessTest -->
        <test-method is-config="true" signature="TearDown()[pri:0, instance:testcases.LoginTest@6c1a5b54]" started-at="2024-10-20T20:51:23 BST" name="TearDown" finished-at="2024-10-20T20:51:24 BST" duration-ms="196" status="PASS">
          <reporter-output>
          </reporter-output>
        </test-method> <!-- TearDown -->
        <test-method is-config="true" signature="CloseExcel()[pri:0, instance:testcases.LoginTest@6c1a5b54]" started-at="2024-10-20T20:51:24 BST" name="CloseExcel" finished-at="2024-10-20T20:51:24 BST" duration-ms="0" status="PASS">
          <reporter-output>
          </reporter-output>
        </test-method> <!-- CloseExcel -->
      </class> <!-- testcases.LoginTest -->
    </test> <!-- Default test -->
  </suite> <!-- Default suite -->
</testng-results>
